<?xml version="1.0" encoding="UTF-8"?>
<!-- Generated by org.testng.reporters.JUnitReportReporter -->
<testsuite hostname="Laptop-Eduardo" failures="0" tests="4" name="lab.ManageDemandTest" time="0.009" errors="0" timestamp="2022-03-31T21:43:17 PET" skipped="0">
  <testcase classname="lab.ManageDemandTest" name="test_AllOrdersFromBrazil" time="0.004"/>
  <testcase classname="lab.ManageDemandTest" name="test_AllOrdersFromColombia" time="0.000"/>
  <testcase classname="lab.ManageDemandTest" name="test_AllOrdersFromPeru" time="0.005"/>
  <testcase classname="lab.ManageDemandTest" name="test_emptyList" time="0.000"/>
</testsuite> <!-- lab.ManageDemandTest -->
