<?xml version="1.0" encoding="UTF-8"?>
<!-- Generated by org.testng.reporters.JUnitReportReporter -->
<testsuite hostname="DESKTOP-3A5EGU4" failures="0" tests="4" name="lab.ManageDemandTest" time="0.011" errors="0" timestamp="2022-04-01T21:07:11 COT" skipped="0">
  <testcase classname="lab.ManageDemandTest" name="test_AllOrdersFromPeru" time="0.000"/>
  <testcase classname="lab.ManageDemandTest" name="test_emptyList" time="0.000"/>
  <testcase classname="lab.ManageDemandTest" name="test_AllOrdersFromColombia" time="0.000"/>
  <testcase classname="lab.ManageDemandTest" name="test_AllOrdersFromBrazil" time="0.011"/>
</testsuite> <!-- lab.ManageDemandTest -->
