<?xml version="1.0" encoding="UTF-8"?>
<!-- Generated by org.testng.reporters.JUnitReportReporter -->
<testsuite hostname="Laptop-Eduardo" failures="0" tests="3" name="lab.ManageDemandTest" time="0.005" errors="0" timestamp="2022-03-31T21:25:54 PET" skipped="0">
  <testcase classname="lab.ManageDemandTest" name="test_AllOrdersFromPeru" time="0.000"/>
  <testcase classname="lab.ManageDemandTest" name="test_AllOrdersFromColombia" time="0.000"/>
  <testcase classname="lab.ManageDemandTest" name="test_AllOrdersFromBrazil" time="0.005"/>
</testsuite> <!-- lab.ManageDemandTest -->
